<?xml version="1.0" encoding="UTF-8" ?>
<testsuite failures="0" time="0.003" errors="0" skipped="0" tests="4" name="com.maven.localsonar.somplecalculatortest.SimpleCalculatorTest">
  <properties>
[...]
</properties>
  <testcase time="0.003" classname="com.maven.localsonar.somplecalculatortest.SimpleCalculatorTest" name="substrct"/>
  <testcase time="0" classname="com.maven.localsonar.somplecalculatortest.SimpleCalculatorTest" name="devide"/>
  <testcase time="0" classname="com.maven.localsonar.somplecalculatortest.SimpleCalculatorTest" name="add"/>
  <testcase time="0" classname="com.maven.localsonar.somplecalculatortest.SimpleCalculatorTest" name="multiply"/>
</testsuite>